  [1m[35m (0.0ms)[0m  [1m[34mSELECT sqlite_version(*)[0m
  [1m[35m (15.6ms)[0m  [1m[35mCREATE TABLE "schema_migrations" ("version" varchar NOT NULL PRIMARY KEY)[0m
  [1m[35m (15.6ms)[0m  [1m[35mCREATE TABLE "ar_internal_metadata" ("key" varchar NOT NULL PRIMARY KEY, "value" varchar, "created_at" datetime NOT NULL, "updated_at" datetime NOT NULL)[0m
  [1m[35m (0.0ms)[0m  [1m[34mSELECT "schema_migrations"."version" FROM "schema_migrations" ORDER BY "schema_migrations"."version" ASC[0m
Migrating to CreateAmbulances (20170722091843)
  [1m[35m (0.0ms)[0m  [1m[36mbegin transaction[0m
  [1m[35m (0.0ms)[0m  [1m[35mCREATE TABLE "ambulances" ("id" INTEGER PRIMARY KEY AUTOINCREMENT NOT NULL, "route" varchar, "availability" varchar, "contact_number" varchar, "created_at" datetime NOT NULL, "updated_at" datetime NOT NULL)[0m
  [1m[35mSQL (0.0ms)[0m  [1m[32mINSERT INTO "schema_migrations" ("version") VALUES (?)[0m  [["version", "20170722091843"]]
  [1m[35m (15.6ms)[0m  [1m[36mcommit transaction[0m
  [1m[36mActiveRecord::InternalMetadata Load (0.0ms)[0m  [1m[34mSELECT  "ar_internal_metadata".* FROM "ar_internal_metadata" WHERE "ar_internal_metadata"."key" = ? LIMIT ?[0m  [["key", "environment"], ["LIMIT", 1]]
  [1m[35m (0.0ms)[0m  [1m[36mbegin transaction[0m
  [1m[35mSQL (0.0ms)[0m  [1m[32mINSERT INTO "ar_internal_metadata" ("key", "value", "created_at", "updated_at") VALUES (?, ?, ?, ?)[0m  [["key", "environment"], ["value", "development"], ["created_at", "2017-07-23 17:27:47.357142"], ["updated_at", "2017-07-23 17:27:47.357142"]]
  [1m[35m (15.6ms)[0m  [1m[36mcommit transaction[0m
  [1m[35m (0.0ms)[0m  [1m[34mSELECT "schema_migrations"."version" FROM "schema_migrations" ORDER BY "schema_migrations"."version" ASC[0m
Started GET "/ambulances" for 127.0.0.1 at 2017-07-23 23:28:08 +0600
  [1m[35m (0.0ms)[0m  [1m[34mSELECT "schema_migrations"."version" FROM "schema_migrations" ORDER BY "schema_migrations"."version" ASC[0m
Processing by AmbulancesController#index as */*
  [1m[36mAmbulance Load (0.0ms)[0m  [1m[34mSELECT "ambulances".* FROM "ambulances"[0m
Completed 200 OK in 16ms (Views: 3.2ms | ActiveRecord: 0.0ms)


Started POST "/ambulances" for 127.0.0.1 at 2017-07-23 23:28:30 +0600
Processing by AmbulancesController#create as */*
  Parameters: {"route"=>"Rajshahi - Natore", "availability"=>"Available", "contact_number"=>"01700-000000", "reason"=>"Eid", "starting_date"=>"25-07-2017", "ending_date"=>""}
Unpermitted parameters: :reason, :starting_date, :ending_date
  [1m[35m (0.0ms)[0m  [1m[36mbegin transaction[0m
  [1m[35mSQL (0.0ms)[0m  [1m[32mINSERT INTO "ambulances" ("route", "availability", "contact_number", "created_at", "updated_at") VALUES (?, ?, ?, ?, ?)[0m  [["route", "Rajshahi - Natore"], ["availability", "Available"], ["contact_number", "01700-000000"], ["created_at", "2017-07-23 17:28:30.185272"], ["updated_at", "2017-07-23 17:28:30.185272"]]
  [1m[35m (15.6ms)[0m  [1m[36mcommit transaction[0m
Completed 201 Created in 31ms (Views: 1.4ms | ActiveRecord: 15.6ms)


Started GET "/ambulances" for 127.0.0.1 at 2017-07-23 23:28:44 +0600
Processing by AmbulancesController#index as */*
  [1m[36mAmbulance Load (1.0ms)[0m  [1m[34mSELECT "ambulances".* FROM "ambulances"[0m
Completed 200 OK in 6ms (Views: 4.9ms | ActiveRecord: 1.0ms)


Started POST "/ambulances" for 127.0.0.1 at 2017-07-24 00:09:20 +0600
  [1m[35m (1.0ms)[0m  [1m[34mSELECT "schema_migrations"."version" FROM "schema_migrations" ORDER BY "schema_migrations"."version" ASC[0m
Processing by AmbulancesController#create as */*
  Parameters: {"bus_id"=>"2", "stand_id"=>"4"}
Unpermitted parameters: :bus_id, :stand_id
  [1m[35m (0.0ms)[0m  [1m[36mbegin transaction[0m
  [1m[35m (0.0ms)[0m  [1m[31mrollback transaction[0m
Completed 422 Unprocessable Entity in 97ms (Views: 0.4ms | ActiveRecord: 7.0ms)


Started GET "/ambulances" for 127.0.0.1 at 2017-07-24 00:09:28 +0600
Processing by AmbulancesController#index as */*
  [1m[36mAmbulance Load (1.0ms)[0m  [1m[34mSELECT "ambulances".* FROM "ambulances"[0m
Completed 200 OK in 22ms (Views: 19.0ms | ActiveRecord: 3.0ms)


Started GET "/admins" for 127.0.0.1 at 2017-07-24 00:11:27 +0600
  
ActionController::RoutingError (No route matches [GET] "/admins"):
  
actionpack (5.1.0) lib/action_dispatch/middleware/debug_exceptions.rb:63:in `call'
actionpack (5.1.0) lib/action_dispatch/middleware/show_exceptions.rb:31:in `call'
railties (5.1.0) lib/rails/rack/logger.rb:36:in `call_app'
railties (5.1.0) lib/rails/rack/logger.rb:24:in `block in call'
activesupport (5.1.0) lib/active_support/tagged_logging.rb:69:in `block in tagged'
activesupport (5.1.0) lib/active_support/tagged_logging.rb:26:in `tagged'
activesupport (5.1.0) lib/active_support/tagged_logging.rb:69:in `tagged'
railties (5.1.0) lib/rails/rack/logger.rb:24:in `call'
actionpack (5.1.0) lib/action_dispatch/middleware/remote_ip.rb:79:in `call'
actionpack (5.1.0) lib/action_dispatch/middleware/request_id.rb:25:in `call'
rack (2.0.2) lib/rack/runtime.rb:22:in `call'
activesupport (5.1.0) lib/active_support/cache/strategy/local_cache_middleware.rb:27:in `call'
actionpack (5.1.0) lib/action_dispatch/middleware/executor.rb:12:in `call'
actionpack (5.1.0) lib/action_dispatch/middleware/static.rb:125:in `call'
rack (2.0.2) lib/rack/sendfile.rb:111:in `call'
railties (5.1.0) lib/rails/engine.rb:522:in `call'
puma (3.8.2) lib/puma/configuration.rb:224:in `call'
puma (3.8.2) lib/puma/server.rb:600:in `handle_request'
puma (3.8.2) lib/puma/server.rb:435:in `process_client'
puma (3.8.2) lib/puma/server.rb:299:in `block in run'
puma (3.8.2) lib/puma/thread_pool.rb:120:in `block in spawn_thread'
Started GET "/admin" for 127.0.0.1 at 2017-07-24 00:11:44 +0600
  
ActionController::RoutingError (No route matches [GET] "/admin"):
  
actionpack (5.1.0) lib/action_dispatch/middleware/debug_exceptions.rb:63:in `call'
actionpack (5.1.0) lib/action_dispatch/middleware/show_exceptions.rb:31:in `call'
railties (5.1.0) lib/rails/rack/logger.rb:36:in `call_app'
railties (5.1.0) lib/rails/rack/logger.rb:24:in `block in call'
activesupport (5.1.0) lib/active_support/tagged_logging.rb:69:in `block in tagged'
activesupport (5.1.0) lib/active_support/tagged_logging.rb:26:in `tagged'
activesupport (5.1.0) lib/active_support/tagged_logging.rb:69:in `tagged'
railties (5.1.0) lib/rails/rack/logger.rb:24:in `call'
actionpack (5.1.0) lib/action_dispatch/middleware/remote_ip.rb:79:in `call'
actionpack (5.1.0) lib/action_dispatch/middleware/request_id.rb:25:in `call'
rack (2.0.2) lib/rack/runtime.rb:22:in `call'
activesupport (5.1.0) lib/active_support/cache/strategy/local_cache_middleware.rb:27:in `call'
actionpack (5.1.0) lib/action_dispatch/middleware/executor.rb:12:in `call'
actionpack (5.1.0) lib/action_dispatch/middleware/static.rb:125:in `call'
rack (2.0.2) lib/rack/sendfile.rb:111:in `call'
railties (5.1.0) lib/rails/engine.rb:522:in `call'
puma (3.8.2) lib/puma/configuration.rb:224:in `call'
puma (3.8.2) lib/puma/server.rb:600:in `handle_request'
puma (3.8.2) lib/puma/server.rb:435:in `process_client'
puma (3.8.2) lib/puma/server.rb:299:in `block in run'
puma (3.8.2) lib/puma/thread_pool.rb:120:in `block in spawn_thread'
Started GET "/admins" for 127.0.0.1 at 2017-07-24 00:11:48 +0600
  
ActionController::RoutingError (No route matches [GET] "/admins"):
  
actionpack (5.1.0) lib/action_dispatch/middleware/debug_exceptions.rb:63:in `call'
actionpack (5.1.0) lib/action_dispatch/middleware/show_exceptions.rb:31:in `call'
railties (5.1.0) lib/rails/rack/logger.rb:36:in `call_app'
railties (5.1.0) lib/rails/rack/logger.rb:24:in `block in call'
activesupport (5.1.0) lib/active_support/tagged_logging.rb:69:in `block in tagged'
activesupport (5.1.0) lib/active_support/tagged_logging.rb:26:in `tagged'
activesupport (5.1.0) lib/active_support/tagged_logging.rb:69:in `tagged'
railties (5.1.0) lib/rails/rack/logger.rb:24:in `call'
actionpack (5.1.0) lib/action_dispatch/middleware/remote_ip.rb:79:in `call'
actionpack (5.1.0) lib/action_dispatch/middleware/request_id.rb:25:in `call'
rack (2.0.2) lib/rack/runtime.rb:22:in `call'
activesupport (5.1.0) lib/active_support/cache/strategy/local_cache_middleware.rb:27:in `call'
actionpack (5.1.0) lib/action_dispatch/middleware/executor.rb:12:in `call'
actionpack (5.1.0) lib/action_dispatch/middleware/static.rb:125:in `call'
rack (2.0.2) lib/rack/sendfile.rb:111:in `call'
railties (5.1.0) lib/rails/engine.rb:522:in `call'
puma (3.8.2) lib/puma/configuration.rb:224:in `call'
puma (3.8.2) lib/puma/server.rb:600:in `handle_request'
puma (3.8.2) lib/puma/server.rb:435:in `process_client'
puma (3.8.2) lib/puma/server.rb:299:in `block in run'
puma (3.8.2) lib/puma/thread_pool.rb:120:in `block in spawn_thread'
Started GET "/admins" for 127.0.0.1 at 2017-07-24 00:12:05 +0600
  
ActionController::RoutingError (No route matches [GET] "/admins"):
  
actionpack (5.1.0) lib/action_dispatch/middleware/debug_exceptions.rb:63:in `call'
actionpack (5.1.0) lib/action_dispatch/middleware/show_exceptions.rb:31:in `call'
railties (5.1.0) lib/rails/rack/logger.rb:36:in `call_app'
railties (5.1.0) lib/rails/rack/logger.rb:24:in `block in call'
activesupport (5.1.0) lib/active_support/tagged_logging.rb:69:in `block in tagged'
activesupport (5.1.0) lib/active_support/tagged_logging.rb:26:in `tagged'
activesupport (5.1.0) lib/active_support/tagged_logging.rb:69:in `tagged'
railties (5.1.0) lib/rails/rack/logger.rb:24:in `call'
actionpack (5.1.0) lib/action_dispatch/middleware/remote_ip.rb:79:in `call'
actionpack (5.1.0) lib/action_dispatch/middleware/request_id.rb:25:in `call'
rack (2.0.2) lib/rack/runtime.rb:22:in `call'
activesupport (5.1.0) lib/active_support/cache/strategy/local_cache_middleware.rb:27:in `call'
actionpack (5.1.0) lib/action_dispatch/middleware/executor.rb:12:in `call'
actionpack (5.1.0) lib/action_dispatch/middleware/static.rb:125:in `call'
rack (2.0.2) lib/rack/sendfile.rb:111:in `call'
railties (5.1.0) lib/rails/engine.rb:522:in `call'
puma (3.8.2) lib/puma/configuration.rb:224:in `call'
puma (3.8.2) lib/puma/server.rb:600:in `handle_request'
puma (3.8.2) lib/puma/server.rb:435:in `process_client'
puma (3.8.2) lib/puma/server.rb:299:in `block in run'
puma (3.8.2) lib/puma/thread_pool.rb:120:in `block in spawn_thread'
  [1m[35m (1.0ms)[0m  [1m[34mSELECT "schema_migrations"."version" FROM "schema_migrations" ORDER BY "schema_migrations"."version" ASC[0m
  [1m[36mActiveRecord::InternalMetadata Load (1.0ms)[0m  [1m[34mSELECT  "ar_internal_metadata".* FROM "ar_internal_metadata" WHERE "ar_internal_metadata"."key" = ? LIMIT ?[0m  [["key", "environment"], ["LIMIT", 1]]
  [1m[35m (0.0ms)[0m  [1m[36mbegin transaction[0m
  [1m[35m (0.0ms)[0m  [1m[36mcommit transaction[0m
  [1m[35m (1.0ms)[0m  [1m[34mSELECT "schema_migrations"."version" FROM "schema_migrations" ORDER BY "schema_migrations"."version" ASC[0m
  [1m[35m (0.0ms)[0m  [1m[34mSELECT sqlite_version(*)[0m
  [1m[35m (68.0ms)[0m  [1m[35mCREATE TABLE "schema_migrations" ("version" varchar NOT NULL PRIMARY KEY)[0m
  [1m[35m (43.0ms)[0m  [1m[35mCREATE TABLE "ar_internal_metadata" ("key" varchar NOT NULL PRIMARY KEY, "value" varchar, "created_at" datetime NOT NULL, "updated_at" datetime NOT NULL)[0m
  [1m[35m (1.0ms)[0m  [1m[34mSELECT "schema_migrations"."version" FROM "schema_migrations" ORDER BY "schema_migrations"."version" ASC[0m
Migrating to CreateAmbulances (20170722091843)
  [1m[35m (0.0ms)[0m  [1m[36mbegin transaction[0m
  [1m[35m (3.0ms)[0m  [1m[35mCREATE TABLE "ambulances" ("id" INTEGER PRIMARY KEY AUTOINCREMENT NOT NULL, "route" varchar, "availability" varchar, "contact_number" varchar, "created_at" datetime NOT NULL, "updated_at" datetime NOT NULL)[0m
  [1m[35mSQL (0.0ms)[0m  [1m[32mINSERT INTO "schema_migrations" ("version") VALUES (?)[0m  [["version", "20170722091843"]]
  [1m[35m (50.0ms)[0m  [1m[36mcommit transaction[0m
Migrating to CreateAdmins (20170723181316)
  [1m[35m (0.0ms)[0m  [1m[36mbegin transaction[0m
  [1m[35m (4.0ms)[0m  [1m[35mCREATE TABLE "admins" ("id" INTEGER PRIMARY KEY AUTOINCREMENT NOT NULL, "token" varchar, "created_at" datetime NOT NULL, "updated_at" datetime NOT NULL)[0m
  [1m[35mSQL (0.0ms)[0m  [1m[32mINSERT INTO "schema_migrations" ("version") VALUES (?)[0m  [["version", "20170723181316"]]
  [1m[35m (48.0ms)[0m  [1m[36mcommit transaction[0m
  [1m[36mActiveRecord::InternalMetadata Load (1.0ms)[0m  [1m[34mSELECT  "ar_internal_metadata".* FROM "ar_internal_metadata" WHERE "ar_internal_metadata"."key" = ? LIMIT ?[0m  [["key", "environment"], ["LIMIT", 1]]
  [1m[35m (1.0ms)[0m  [1m[36mbegin transaction[0m
  [1m[35mSQL (3.0ms)[0m  [1m[32mINSERT INTO "ar_internal_metadata" ("key", "value", "created_at", "updated_at") VALUES (?, ?, ?, ?)[0m  [["key", "environment"], ["value", "development"], ["created_at", "2017-07-23 18:13:33.162295"], ["updated_at", "2017-07-23 18:13:33.162295"]]
  [1m[35m (37.0ms)[0m  [1m[36mcommit transaction[0m
  [1m[35m (2.0ms)[0m  [1m[34mSELECT "schema_migrations"."version" FROM "schema_migrations" ORDER BY "schema_migrations"."version" ASC[0m
Started GET "/admins" for 127.0.0.1 at 2017-07-24 00:13:38 +0600
  [1m[35m (1.0ms)[0m  [1m[34mSELECT "schema_migrations"."version" FROM "schema_migrations" ORDER BY "schema_migrations"."version" ASC[0m
Processing by AdminsController#index as */*
  [1m[36mAdmin Load (2.0ms)[0m  [1m[34mSELECT "admins".* FROM "admins"[0m
Completed 200 OK in 36ms (Views: 1.5ms | ActiveRecord: 5.0ms)


Started POST "/admins" for 127.0.0.1 at 2017-07-24 00:13:47 +0600
Processing by AdminsController#create as */*
  Parameters: {"token"=>"news"}
Completed 400 Bad Request in 1ms (ActiveRecord: 0.0ms)


  
ActionController::ParameterMissing (param is missing or the value is empty: admin):
  
app/controllers/admins_controller.rb:49:in `admin_params'
app/controllers/admins_controller.rb:18:in `create'
Started POST "/admins" for 127.0.0.1 at 2017-07-24 00:14:45 +0600
Processing by AdminsController#create as */*
  Parameters: {"token"=>"vai", "admin"=>{"token"=>"vai"}}
  [1m[35m (0.0ms)[0m  [1m[36mbegin transaction[0m
  [1m[35mSQL (4.0ms)[0m  [1m[32mINSERT INTO "admins" ("token", "created_at", "updated_at") VALUES (?, ?, ?)[0m  [["token", "vai"], ["created_at", "2017-07-23 18:14:45.817451"], ["updated_at", "2017-07-23 18:14:45.817451"]]
  [1m[35m (41.0ms)[0m  [1m[36mcommit transaction[0m
Completed 201 Created in 58ms (Views: 2.0ms | ActiveRecord: 49.0ms)


Started POST "/admins" for 127.0.0.1 at 2017-07-24 00:17:00 +0600
  
ActionController::RoutingError (No route matches [POST] "/admins"):
  
actionpack (5.1.0) lib/action_dispatch/middleware/debug_exceptions.rb:63:in `call'
actionpack (5.1.0) lib/action_dispatch/middleware/show_exceptions.rb:31:in `call'
railties (5.1.0) lib/rails/rack/logger.rb:36:in `call_app'
railties (5.1.0) lib/rails/rack/logger.rb:24:in `block in call'
activesupport (5.1.0) lib/active_support/tagged_logging.rb:69:in `block in tagged'
activesupport (5.1.0) lib/active_support/tagged_logging.rb:26:in `tagged'
activesupport (5.1.0) lib/active_support/tagged_logging.rb:69:in `tagged'
railties (5.1.0) lib/rails/rack/logger.rb:24:in `call'
actionpack (5.1.0) lib/action_dispatch/middleware/remote_ip.rb:79:in `call'
actionpack (5.1.0) lib/action_dispatch/middleware/request_id.rb:25:in `call'
rack (2.0.2) lib/rack/runtime.rb:22:in `call'
activesupport (5.1.0) lib/active_support/cache/strategy/local_cache_middleware.rb:27:in `call'
actionpack (5.1.0) lib/action_dispatch/middleware/executor.rb:12:in `call'
actionpack (5.1.0) lib/action_dispatch/middleware/static.rb:125:in `call'
rack (2.0.2) lib/rack/sendfile.rb:111:in `call'
railties (5.1.0) lib/rails/engine.rb:522:in `call'
puma (3.8.2) lib/puma/configuration.rb:224:in `call'
puma (3.8.2) lib/puma/server.rb:600:in `handle_request'
puma (3.8.2) lib/puma/server.rb:435:in `process_client'
puma (3.8.2) lib/puma/server.rb:299:in `block in run'
puma (3.8.2) lib/puma/thread_pool.rb:120:in `block in spawn_thread'
Started GET "/admins" for 127.0.0.1 at 2017-07-24 00:17:06 +0600
  
ActionController::RoutingError (No route matches [GET] "/admins"):
  
actionpack (5.1.0) lib/action_dispatch/middleware/debug_exceptions.rb:63:in `call'
actionpack (5.1.0) lib/action_dispatch/middleware/show_exceptions.rb:31:in `call'
railties (5.1.0) lib/rails/rack/logger.rb:36:in `call_app'
railties (5.1.0) lib/rails/rack/logger.rb:24:in `block in call'
activesupport (5.1.0) lib/active_support/tagged_logging.rb:69:in `block in tagged'
activesupport (5.1.0) lib/active_support/tagged_logging.rb:26:in `tagged'
activesupport (5.1.0) lib/active_support/tagged_logging.rb:69:in `tagged'
railties (5.1.0) lib/rails/rack/logger.rb:24:in `call'
actionpack (5.1.0) lib/action_dispatch/middleware/remote_ip.rb:79:in `call'
actionpack (5.1.0) lib/action_dispatch/middleware/request_id.rb:25:in `call'
rack (2.0.2) lib/rack/runtime.rb:22:in `call'
activesupport (5.1.0) lib/active_support/cache/strategy/local_cache_middleware.rb:27:in `call'
actionpack (5.1.0) lib/action_dispatch/middleware/executor.rb:12:in `call'
actionpack (5.1.0) lib/action_dispatch/middleware/static.rb:125:in `call'
rack (2.0.2) lib/rack/sendfile.rb:111:in `call'
railties (5.1.0) lib/rails/engine.rb:522:in `call'
puma (3.8.2) lib/puma/configuration.rb:224:in `call'
puma (3.8.2) lib/puma/server.rb:600:in `handle_request'
puma (3.8.2) lib/puma/server.rb:435:in `process_client'
puma (3.8.2) lib/puma/server.rb:299:in `block in run'
puma (3.8.2) lib/puma/thread_pool.rb:120:in `block in spawn_thread'
Started PUT "/admins" for 127.0.0.1 at 2017-07-24 00:17:10 +0600
Processing by AdminsController#update as */*
  Parameters: {"token"=>"vai", "admin"=>{"token"=>"vai"}}
  [1m[36mAdmin Load (1.0ms)[0m  [1m[34mSELECT  "admins".* FROM "admins" ORDER BY "admins"."id" ASC LIMIT ?[0m  [["LIMIT", 1]]
  [1m[35m (0.0ms)[0m  [1m[36mbegin transaction[0m
  [1m[35m (0.0ms)[0m  [1m[36mcommit transaction[0m
Completed 200 OK in 14ms (Views: 0.4ms | ActiveRecord: 9.0ms)


Started PATCH "/admins" for 127.0.0.1 at 2017-07-24 00:17:14 +0600
Processing by AdminsController#update as */*
  Parameters: {"token"=>"vai", "admin"=>{"token"=>"vai"}}
  [1m[36mAdmin Load (2.0ms)[0m  [1m[34mSELECT  "admins".* FROM "admins" ORDER BY "admins"."id" ASC LIMIT ?[0m  [["LIMIT", 1]]
  [1m[35m (0.0ms)[0m  [1m[36mbegin transaction[0m
  [1m[35m (0.0ms)[0m  [1m[36mcommit transaction[0m
Completed 200 OK in 5ms (Views: 0.5ms | ActiveRecord: 2.0ms)


Started DELETE "/admins" for 127.0.0.1 at 2017-07-24 00:17:18 +0600
  
ActionController::RoutingError (No route matches [DELETE] "/admins"):
  
actionpack (5.1.0) lib/action_dispatch/middleware/debug_exceptions.rb:63:in `call'
actionpack (5.1.0) lib/action_dispatch/middleware/show_exceptions.rb:31:in `call'
railties (5.1.0) lib/rails/rack/logger.rb:36:in `call_app'
railties (5.1.0) lib/rails/rack/logger.rb:24:in `block in call'
activesupport (5.1.0) lib/active_support/tagged_logging.rb:69:in `block in tagged'
activesupport (5.1.0) lib/active_support/tagged_logging.rb:26:in `tagged'
activesupport (5.1.0) lib/active_support/tagged_logging.rb:69:in `tagged'
railties (5.1.0) lib/rails/rack/logger.rb:24:in `call'
actionpack (5.1.0) lib/action_dispatch/middleware/remote_ip.rb:79:in `call'
actionpack (5.1.0) lib/action_dispatch/middleware/request_id.rb:25:in `call'
rack (2.0.2) lib/rack/runtime.rb:22:in `call'
activesupport (5.1.0) lib/active_support/cache/strategy/local_cache_middleware.rb:27:in `call'
actionpack (5.1.0) lib/action_dispatch/middleware/executor.rb:12:in `call'
actionpack (5.1.0) lib/action_dispatch/middleware/static.rb:125:in `call'
rack (2.0.2) lib/rack/sendfile.rb:111:in `call'
railties (5.1.0) lib/rails/engine.rb:522:in `call'
puma (3.8.2) lib/puma/configuration.rb:224:in `call'
puma (3.8.2) lib/puma/server.rb:600:in `handle_request'
puma (3.8.2) lib/puma/server.rb:435:in `process_client'
puma (3.8.2) lib/puma/server.rb:299:in `block in run'
puma (3.8.2) lib/puma/thread_pool.rb:120:in `block in spawn_thread'
Started GET "/admins" for 127.0.0.1 at 2017-07-24 00:18:27 +0600
  
ActionController::RoutingError (No route matches [GET] "/admins"):
  
actionpack (5.1.0) lib/action_dispatch/middleware/debug_exceptions.rb:63:in `call'
actionpack (5.1.0) lib/action_dispatch/middleware/show_exceptions.rb:31:in `call'
railties (5.1.0) lib/rails/rack/logger.rb:36:in `call_app'
railties (5.1.0) lib/rails/rack/logger.rb:24:in `block in call'
activesupport (5.1.0) lib/active_support/tagged_logging.rb:69:in `block in tagged'
activesupport (5.1.0) lib/active_support/tagged_logging.rb:26:in `tagged'
activesupport (5.1.0) lib/active_support/tagged_logging.rb:69:in `tagged'
railties (5.1.0) lib/rails/rack/logger.rb:24:in `call'
actionpack (5.1.0) lib/action_dispatch/middleware/remote_ip.rb:79:in `call'
actionpack (5.1.0) lib/action_dispatch/middleware/request_id.rb:25:in `call'
rack (2.0.2) lib/rack/runtime.rb:22:in `call'
activesupport (5.1.0) lib/active_support/cache/strategy/local_cache_middleware.rb:27:in `call'
actionpack (5.1.0) lib/action_dispatch/middleware/executor.rb:12:in `call'
actionpack (5.1.0) lib/action_dispatch/middleware/static.rb:125:in `call'
rack (2.0.2) lib/rack/sendfile.rb:111:in `call'
railties (5.1.0) lib/rails/engine.rb:522:in `call'
puma (3.8.2) lib/puma/configuration.rb:224:in `call'
puma (3.8.2) lib/puma/server.rb:600:in `handle_request'
puma (3.8.2) lib/puma/server.rb:435:in `process_client'
puma (3.8.2) lib/puma/server.rb:299:in `block in run'
puma (3.8.2) lib/puma/thread_pool.rb:120:in `block in spawn_thread'
Started PUT "/admins" for 127.0.0.1 at 2017-07-24 00:18:31 +0600
Processing by AdminsController#update as */*
  Parameters: {"token"=>"vai", "admin"=>{"token"=>"vai"}}
  [1m[36mAdmin Load (1.0ms)[0m  [1m[34mSELECT  "admins".* FROM "admins" WHERE "admins"."token" = ? LIMIT ?[0m  [["token", "news"], ["LIMIT", 1]]
Filter chain halted as :authenticate rendered or redirected
Completed 401 Unauthorized in 71ms (Views: 0.2ms | ActiveRecord: 16.0ms)


Started PUT "/admins" for 127.0.0.1 at 2017-07-24 00:19:06 +0600
Processing by AdminsController#update as */*
  Parameters: {"token"=>"new_token", "admin"=>{"token"=>"new_token"}}
  [1m[36mAdmin Load (1.0ms)[0m  [1m[34mSELECT  "admins".* FROM "admins" WHERE "admins"."token" = ? LIMIT ?[0m  [["token", "vai"], ["LIMIT", 1]]
  [1m[36mAdmin Load (2.0ms)[0m  [1m[34mSELECT  "admins".* FROM "admins" ORDER BY "admins"."id" ASC LIMIT ?[0m  [["LIMIT", 1]]
  [1m[35m (0.0ms)[0m  [1m[36mbegin transaction[0m
  [1m[35mSQL (4.0ms)[0m  [1m[33mUPDATE "admins" SET "token" = ?, "updated_at" = ? WHERE "admins"."id" = ?[0m  [["token", "new_token"], ["updated_at", "2017-07-23 18:19:06.375354"], ["id", 1]]
  [1m[35m (45.0ms)[0m  [1m[36mcommit transaction[0m
Completed 200 OK in 78ms (Views: 2.1ms | ActiveRecord: 55.0ms)


Started GET "/ambulances" for 127.0.0.1 at 2017-07-24 00:19:17 +0600
Processing by AmbulancesController#index as */*
  Parameters: {"ambulance"=>{}}
  [1m[36mAdmin Load (1.0ms)[0m  [1m[34mSELECT  "admins".* FROM "admins" WHERE "admins"."token" = ? LIMIT ?[0m  [["token", "vai"], ["LIMIT", 1]]
Filter chain halted as :authenticate rendered or redirected
Completed 401 Unauthorized in 3ms (Views: 0.2ms | ActiveRecord: 3.0ms)


Started GET "/ambulances" for 127.0.0.1 at 2017-07-24 00:19:31 +0600
Processing by AmbulancesController#index as */*
  Parameters: {"ambulance"=>{}}
  [1m[36mAdmin Load (1.0ms)[0m  [1m[34mSELECT  "admins".* FROM "admins" WHERE "admins"."token" = ? LIMIT ?[0m  [["token", "new_token"], ["LIMIT", 1]]
  [1m[36mAmbulance Load (2.0ms)[0m  [1m[34mSELECT "ambulances".* FROM "ambulances"[0m
Completed 200 OK in 5ms (Views: 0.1ms | ActiveRecord: 3.0ms)


Started POST "/ambulances" for 127.0.0.1 at 2017-07-24 00:19:42 +0600
Processing by AmbulancesController#create as */*
  Parameters: {"token"=>"new_token", "ambulance"=>{}}
  [1m[36mAdmin Load (2.0ms)[0m  [1m[34mSELECT  "admins".* FROM "admins" WHERE "admins"."token" = ? LIMIT ?[0m  [["token", "new_tken"], ["LIMIT", 1]]
Filter chain halted as :authenticate rendered or redirected
Completed 401 Unauthorized in 3ms (Views: 0.2ms | ActiveRecord: 2.0ms)


Started POST "/ambulances" for 127.0.0.1 at 2017-07-24 00:19:52 +0600
Processing by AmbulancesController#create as */*
  Parameters: {"token"=>"new_token", "ambulance"=>{}}
  [1m[36mAdmin Load (4.0ms)[0m  [1m[34mSELECT  "admins".* FROM "admins" WHERE "admins"."token" = ? LIMIT ?[0m  [["token", "new_token"], ["LIMIT", 1]]
Unpermitted parameters: :token, :ambulance
  [1m[35m (0.0ms)[0m  [1m[36mbegin transaction[0m
  [1m[35m (0.0ms)[0m  [1m[31mrollback transaction[0m
Completed 422 Unprocessable Entity in 21ms (Views: 0.2ms | ActiveRecord: 6.0ms)


Started GET "/ambulances" for 127.0.0.1 at 2017-07-24 01:15:12 +0600
  [1m[35m (0.0ms)[0m  [1m[34mSELECT "schema_migrations"."version" FROM "schema_migrations" ORDER BY "schema_migrations"."version" ASC[0m
Processing by AmbulancesController#index as */*
Filter chain halted as :authenticate rendered or redirected
Completed 401 Unauthorized in 1ms (Views: 0.3ms | ActiveRecord: 0.0ms)


Started GET "/admins" for 127.0.0.1 at 2017-07-24 01:15:26 +0600
  
ActionController::RoutingError (No route matches [GET] "/admins"):
  
actionpack (5.1.0) lib/action_dispatch/middleware/debug_exceptions.rb:63:in `call'
actionpack (5.1.0) lib/action_dispatch/middleware/show_exceptions.rb:31:in `call'
railties (5.1.0) lib/rails/rack/logger.rb:36:in `call_app'
railties (5.1.0) lib/rails/rack/logger.rb:24:in `block in call'
activesupport (5.1.0) lib/active_support/tagged_logging.rb:69:in `block in tagged'
activesupport (5.1.0) lib/active_support/tagged_logging.rb:26:in `tagged'
activesupport (5.1.0) lib/active_support/tagged_logging.rb:69:in `tagged'
railties (5.1.0) lib/rails/rack/logger.rb:24:in `call'
actionpack (5.1.0) lib/action_dispatch/middleware/remote_ip.rb:79:in `call'
actionpack (5.1.0) lib/action_dispatch/middleware/request_id.rb:25:in `call'
rack (2.0.2) lib/rack/runtime.rb:22:in `call'
activesupport (5.1.0) lib/active_support/cache/strategy/local_cache_middleware.rb:27:in `call'
actionpack (5.1.0) lib/action_dispatch/middleware/executor.rb:12:in `call'
actionpack (5.1.0) lib/action_dispatch/middleware/static.rb:125:in `call'
rack (2.0.2) lib/rack/sendfile.rb:111:in `call'
railties (5.1.0) lib/rails/engine.rb:522:in `call'
puma (3.8.2) lib/puma/configuration.rb:224:in `call'
puma (3.8.2) lib/puma/server.rb:600:in `handle_request'
puma (3.8.2) lib/puma/server.rb:435:in `process_client'
puma (3.8.2) lib/puma/server.rb:299:in `block in run'
puma (3.8.2) lib/puma/thread_pool.rb:120:in `block in spawn_thread'
Started PUT "/admins" for 127.0.0.1 at 2017-07-24 01:17:09 +0600
Processing by AdminsController#update as */*
  Parameters: {"token"=>"abc"}
Filter chain halted as :authenticate rendered or redirected
Completed 401 Unauthorized in 1ms (Views: 0.2ms | ActiveRecord: 0.0ms)


Started PATCH "/admins" for 127.0.0.1 at 2017-07-24 01:17:33 +0600
Processing by AdminsController#update as */*
  Parameters: {"token"=>"abc"}
Filter chain halted as :authenticate rendered or redirected
Completed 401 Unauthorized in 1ms (Views: 0.3ms | ActiveRecord: 0.0ms)


Started GET "/ambulances" for 127.0.0.1 at 2017-07-24 01:20:39 +0600
Processing by AmbulancesController#index as */*
Filter chain halted as :authenticate rendered or redirected
Completed 401 Unauthorized in 1ms (Views: 0.3ms | ActiveRecord: 0.0ms)


Started GET "/ambulances" for 127.0.0.1 at 2017-07-24 01:21:01 +0600
Processing by AmbulancesController#index as */*
Filter chain halted as :authenticate rendered or redirected
Completed 401 Unauthorized in 1ms (Views: 0.3ms | ActiveRecord: 0.0ms)


Started GET "/ambulances" for 127.0.0.1 at 2017-07-24 01:21:11 +0600
Processing by AmbulancesController#index as */*
Filter chain halted as :authenticate rendered or redirected
Completed 401 Unauthorized in 0ms (Views: 0.2ms | ActiveRecord: 0.0ms)


  [1m[36mAdmin Load (2.5ms)[0m  [1m[34mSELECT  "admins".* FROM "admins" LIMIT ?[0m  [["LIMIT", 11]]
Started GET "/ambulances" for 127.0.0.1 at 2017-07-24 01:26:27 +0600
  [1m[35m (1.0ms)[0m  [1m[34mSELECT "schema_migrations"."version" FROM "schema_migrations" ORDER BY "schema_migrations"."version" ASC[0m
Processing by AmbulancesController#index as */*
Filter chain halted as :authenticate rendered or redirected
Completed 401 Unauthorized in 1ms (Views: 0.2ms | ActiveRecord: 0.0ms)


Started PUT "/admins/1" for 127.0.0.1 at 2017-07-24 01:30:00 +0600
  
ActionController::RoutingError (No route matches [PUT] "/admins/1"):
  
actionpack (5.1.0) lib/action_dispatch/middleware/debug_exceptions.rb:63:in `call'
actionpack (5.1.0) lib/action_dispatch/middleware/show_exceptions.rb:31:in `call'
railties (5.1.0) lib/rails/rack/logger.rb:36:in `call_app'
railties (5.1.0) lib/rails/rack/logger.rb:24:in `block in call'
activesupport (5.1.0) lib/active_support/tagged_logging.rb:69:in `block in tagged'
activesupport (5.1.0) lib/active_support/tagged_logging.rb:26:in `tagged'
activesupport (5.1.0) lib/active_support/tagged_logging.rb:69:in `tagged'
railties (5.1.0) lib/rails/rack/logger.rb:24:in `call'
actionpack (5.1.0) lib/action_dispatch/middleware/remote_ip.rb:79:in `call'
actionpack (5.1.0) lib/action_dispatch/middleware/request_id.rb:25:in `call'
rack (2.0.2) lib/rack/runtime.rb:22:in `call'
activesupport (5.1.0) lib/active_support/cache/strategy/local_cache_middleware.rb:27:in `call'
actionpack (5.1.0) lib/action_dispatch/middleware/executor.rb:12:in `call'
actionpack (5.1.0) lib/action_dispatch/middleware/static.rb:125:in `call'
rack (2.0.2) lib/rack/sendfile.rb:111:in `call'
railties (5.1.0) lib/rails/engine.rb:522:in `call'
puma (3.8.2) lib/puma/configuration.rb:224:in `call'
puma (3.8.2) lib/puma/server.rb:600:in `handle_request'
puma (3.8.2) lib/puma/server.rb:435:in `process_client'
puma (3.8.2) lib/puma/server.rb:299:in `block in run'
puma (3.8.2) lib/puma/thread_pool.rb:120:in `block in spawn_thread'
Started PATCH "/admins/1" for 127.0.0.1 at 2017-07-24 01:30:18 +0600
  [1m[35m (0.0ms)[0m  [1m[34mSELECT "schema_migrations"."version" FROM "schema_migrations" ORDER BY "schema_migrations"."version" ASC[0m
  
ActionController::RoutingError (No route matches [PATCH] "/admins/1"):
  
actionpack (5.1.0) lib/action_dispatch/middleware/debug_exceptions.rb:63:in `call'
actionpack (5.1.0) lib/action_dispatch/middleware/show_exceptions.rb:31:in `call'
railties (5.1.0) lib/rails/rack/logger.rb:36:in `call_app'
railties (5.1.0) lib/rails/rack/logger.rb:24:in `block in call'
activesupport (5.1.0) lib/active_support/tagged_logging.rb:69:in `block in tagged'
activesupport (5.1.0) lib/active_support/tagged_logging.rb:26:in `tagged'
activesupport (5.1.0) lib/active_support/tagged_logging.rb:69:in `tagged'
railties (5.1.0) lib/rails/rack/logger.rb:24:in `call'
actionpack (5.1.0) lib/action_dispatch/middleware/remote_ip.rb:79:in `call'
actionpack (5.1.0) lib/action_dispatch/middleware/request_id.rb:25:in `call'
rack (2.0.2) lib/rack/runtime.rb:22:in `call'
activesupport (5.1.0) lib/active_support/cache/strategy/local_cache_middleware.rb:27:in `call'
actionpack (5.1.0) lib/action_dispatch/middleware/executor.rb:12:in `call'
actionpack (5.1.0) lib/action_dispatch/middleware/static.rb:125:in `call'
rack (2.0.2) lib/rack/sendfile.rb:111:in `call'
railties (5.1.0) lib/rails/engine.rb:522:in `call'
puma (3.8.2) lib/puma/configuration.rb:224:in `call'
puma (3.8.2) lib/puma/server.rb:600:in `handle_request'
puma (3.8.2) lib/puma/server.rb:435:in `process_client'
puma (3.8.2) lib/puma/server.rb:299:in `block in run'
puma (3.8.2) lib/puma/thread_pool.rb:120:in `block in spawn_thread'
Started PUT "/admins/1" for 127.0.0.1 at 2017-07-24 01:30:29 +0600
  
ActionController::RoutingError (No route matches [PUT] "/admins/1"):
  
actionpack (5.1.0) lib/action_dispatch/middleware/debug_exceptions.rb:63:in `call'
actionpack (5.1.0) lib/action_dispatch/middleware/show_exceptions.rb:31:in `call'
railties (5.1.0) lib/rails/rack/logger.rb:36:in `call_app'
railties (5.1.0) lib/rails/rack/logger.rb:24:in `block in call'
activesupport (5.1.0) lib/active_support/tagged_logging.rb:69:in `block in tagged'
activesupport (5.1.0) lib/active_support/tagged_logging.rb:26:in `tagged'
activesupport (5.1.0) lib/active_support/tagged_logging.rb:69:in `tagged'
railties (5.1.0) lib/rails/rack/logger.rb:24:in `call'
actionpack (5.1.0) lib/action_dispatch/middleware/remote_ip.rb:79:in `call'
actionpack (5.1.0) lib/action_dispatch/middleware/request_id.rb:25:in `call'
rack (2.0.2) lib/rack/runtime.rb:22:in `call'
activesupport (5.1.0) lib/active_support/cache/strategy/local_cache_middleware.rb:27:in `call'
actionpack (5.1.0) lib/action_dispatch/middleware/executor.rb:12:in `call'
actionpack (5.1.0) lib/action_dispatch/middleware/static.rb:125:in `call'
rack (2.0.2) lib/rack/sendfile.rb:111:in `call'
railties (5.1.0) lib/rails/engine.rb:522:in `call'
puma (3.8.2) lib/puma/configuration.rb:224:in `call'
puma (3.8.2) lib/puma/server.rb:600:in `handle_request'
puma (3.8.2) lib/puma/server.rb:435:in `process_client'
puma (3.8.2) lib/puma/server.rb:299:in `block in run'
puma (3.8.2) lib/puma/thread_pool.rb:120:in `block in spawn_thread'
Started GET "/ambulances" for 127.0.0.1 at 2017-07-24 01:32:02 +0600
Processing by AmbulancesController#index as */*
Filter chain halted as :authenticate rendered or redirected
Completed 401 Unauthorized in 1ms (Views: 0.2ms | ActiveRecord: 0.0ms)


  [1m[36mAdmin Load (4.0ms)[0m  [1m[34mSELECT  "admins".* FROM "admins" LIMIT ?[0m  [["LIMIT", 11]]
Started GET "/ambulances" for 127.0.0.1 at 2017-07-24 01:45:51 +0600
  [1m[35m (0.0ms)[0m  [1m[34mSELECT "schema_migrations"."version" FROM "schema_migrations" ORDER BY "schema_migrations"."version" ASC[0m
Processing by AmbulancesController#index as */*
Filter chain halted as :authenticate rendered or redirected
Completed 401 Unauthorized in 1ms (Views: 0.2ms | ActiveRecord: 0.0ms)


Started GET "/ambulances" for 127.0.0.1 at 2017-07-24 01:47:08 +0600
Processing by AmbulancesController#index as */*
  [1m[36mAdmin Load (0.0ms)[0m  [1m[34mSELECT  "admins".* FROM "admins" WHERE "admins"."token" = ? LIMIT ?[0m  [["token", "new_token"], ["LIMIT", 1]]
  [1m[36mAmbulance Load (0.5ms)[0m  [1m[34mSELECT "ambulances".* FROM "ambulances"[0m
Completed 200 OK in 45ms (Views: 3.2ms | ActiveRecord: 3.0ms)


Started POST "/ambulances" for 127.0.0.1 at 2017-07-24 01:48:19 +0600
Processing by AmbulancesController#create as */*
  Parameters: {"route"=>"Rajshahi - Natore", "availability"=>"Available", "contact_number"=>"01700-000000"}
  [1m[36mAdmin Load (0.5ms)[0m  [1m[34mSELECT  "admins".* FROM "admins" WHERE "admins"."token" = ? LIMIT ?[0m  [["token", "new_token"], ["LIMIT", 1]]
  [1m[35m (0.0ms)[0m  [1m[36mbegin transaction[0m
  [1m[35mSQL (1.5ms)[0m  [1m[32mINSERT INTO "ambulances" ("route", "availability", "contact_number", "created_at", "updated_at") VALUES (?, ?, ?, ?, ?)[0m  [["route", "Rajshahi - Natore"], ["availability", "Available"], ["contact_number", "01700-000000"], ["created_at", "2017-07-23 19:48:20.059834"], ["updated_at", "2017-07-23 19:48:20.059834"]]
  [1m[35m (10.0ms)[0m  [1m[36mcommit transaction[0m
Completed 201 Created in 29ms (Views: 2.3ms | ActiveRecord: 12.5ms)


Started POST "/ambulances" for 127.0.0.1 at 2017-07-24 01:48:36 +0600
Processing by AmbulancesController#create as */*
  Parameters: {"route"=>"Rajshahi - Natore", "availability"=>"Available", "contact_number"=>"01700-000000"}
  [1m[36mAdmin Load (0.5ms)[0m  [1m[34mSELECT  "admins".* FROM "admins" WHERE "admins"."token" = ? LIMIT ?[0m  [["token", "nw_token"], ["LIMIT", 1]]
Filter chain halted as :authenticate rendered or redirected
Completed 401 Unauthorized in 5ms (Views: 0.3ms | ActiveRecord: 0.5ms)


Started GET "/ambulances" for 127.0.0.1 at 2017-07-24 02:51:57 +0600
  [1m[35m (0.0ms)[0m  [1m[34mSELECT "schema_migrations"."version" FROM "schema_migrations" ORDER BY "schema_migrations"."version" ASC[0m
Processing by AmbulancesController#index as */*
  [1m[36mAdmin Load (0.0ms)[0m  [1m[34mSELECT  "admins".* FROM "admins" WHERE "admins"."token" = ? LIMIT ?[0m  [["token", "nw_token"], ["LIMIT", 1]]
Filter chain halted as :authenticate rendered or redirected
Completed 401 Unauthorized in 16ms (Views: 0.3ms | ActiveRecord: 0.0ms)


Started GET "/ambulances" for 127.0.0.1 at 2017-07-24 02:52:03 +0600
Processing by AmbulancesController#index as */*
  [1m[36mAdmin Load (1.0ms)[0m  [1m[34mSELECT  "admins".* FROM "admins" WHERE "admins"."token" = ? LIMIT ?[0m  [["token", "new_token"], ["LIMIT", 1]]
  [1m[36mAmbulance Load (0.0ms)[0m  [1m[34mSELECT "ambulances".* FROM "ambulances"[0m
Completed 200 OK in 35ms (Views: 15.0ms | ActiveRecord: 4.0ms)


Started GET "/ambulances" for 127.0.0.1 at 2017-07-24 08:02:29 +0600
  [1m[35m (0.0ms)[0m  [1m[34mSELECT "schema_migrations"."version" FROM "schema_migrations" ORDER BY "schema_migrations"."version" ASC[0m
Processing by AmbulancesController#index as */*
  [1m[36mAdmin Load (0.0ms)[0m  [1m[34mSELECT  "admins".* FROM "admins" WHERE "admins"."token" = ? LIMIT ?[0m  [["token", "new_token"], ["LIMIT", 1]]
  [1m[36mAmbulance Load (0.0ms)[0m  [1m[34mSELECT "ambulances".* FROM "ambulances"[0m
Completed 200 OK in 31ms (Views: 11.2ms | ActiveRecord: 0.0ms)


